<?xml version="1.0" encoding="UTF-8"?>
<testsuite xmlns:xsi="http://www.w3.org/2001/XMLSchema-instance" xsi:noNamespaceSchemaLocation="https://maven.apache.org/surefire/maven-surefire-plugin/xsd/surefire-test-report.xsd" name="com.payslipProgram.monthlyPayslip.MonthlyPayslipApplicationTests" time="2.456" tests="5" errors="0" skipped="0" failures="0">
  <properties>
[...]
</properties>
  <testcase name="grossIncomeTest" classname="com.payslipProgram.monthlyPayslip.MonthlyPayslipApplicationTests" time="0.44"/>
  <testcase name="incomeTaxTest" classname="com.payslipProgram.monthlyPayslip.MonthlyPayslipApplicationTests" time="0.002"/>
  <testcase name="fromDateTest" classname="com.payslipProgram.monthlyPayslip.MonthlyPayslipApplicationTests" time="0.003"/>
  <testcase name="toDateTest" classname="com.payslipProgram.monthlyPayslip.MonthlyPayslipApplicationTests" time="0.003"/>
  <testcase name="superAmountTest" classname="com.payslipProgram.monthlyPayslip.MonthlyPayslipApplicationTests" time="0.002"/>
</testsuite>